<?xml version="1.0" encoding="UTF-8"?>
<testsuite xmlns:xsi="http://www.w3.org/2001/XMLSchema-instance" xsi:noNamespaceSchemaLocation="https://maven.apache.org/surefire/maven-surefire-plugin/xsd/surefire-test-report-3.0.xsd" version="3.0" name="VariableTests" time="0.065" tests="2" errors="0" skipped="0" failures="0">
  <properties>
    <property name="sun.desktop" value="gnome"/>
    <property name="awt.toolkit" value="sun.awt.X11.XToolkit"/>
    <property name="java.specification.version" value="11"/>
    <property name="sun.cpu.isalist" value=""/>
    <property name="sun.jnu.encoding" value="UTF-8"/>
    <property name="java.class.path" value="/home/aniruddha/projects/java-backend-8ca2f82bab51490889e5523953997a7c/week-1/day-2/java-simple-app/target/test-classes:/home/aniruddha/projects/java-backend-8ca2f82bab51490889e5523953997a7c/week-1/day-2/java-simple-app/target/classes:/home/aniruddha/.m2/repository/org/junit/jupiter/junit-jupiter-engine/5.8.2/junit-jupiter-engine-5.8.2.jar:/home/aniruddha/.m2/repository/org/junit/platform/junit-platform-engine/1.8.2/junit-platform-engine-1.8.2.jar:/home/aniruddha/.m2/repository/org/opentest4j/opentest4j/1.2.0/opentest4j-1.2.0.jar:/home/aniruddha/.m2/repository/org/junit/platform/junit-platform-commons/1.8.2/junit-platform-commons-1.8.2.jar:/home/aniruddha/.m2/repository/org/junit/jupiter/junit-jupiter-api/5.8.2/junit-jupiter-api-5.8.2.jar:/home/aniruddha/.m2/repository/org/apiguardian/apiguardian-api/1.1.2/apiguardian-api-1.1.2.jar:"/>
    <property name="java.vm.vendor" value="JetBrains s.r.o."/>
    <property name="sun.arch.data.model" value="64"/>
    <property name="java.vendor.url" value="https://openjdk.java.net/"/>
    <property name="user.timezone" value=""/>
    <property name="java.vm.specification.version" value="11"/>
    <property name="os.name" value="Linux"/>
    <property name="sun.java.launcher" value="SUN_STANDARD"/>
    <property name="user.country" value="IN"/>
    <property name="sun.boot.library.path" value="/home/aniruddha/softwares/java/ideaIC-2020.3.1/idea-IC-203.6682.168/jbr/lib"/>
    <property name="sun.java.command" value="/home/aniruddha/projects/java-backend-8ca2f82bab51490889e5523953997a7c/week-1/day-2/java-simple-app/target/surefire/surefirebooter14985375985269654791.jar /home/aniruddha/projects/java-backend-8ca2f82bab51490889e5523953997a7c/week-1/day-2/java-simple-app/target/surefire 2022-01-04T15-24-06_541-jvmRun1 surefire6749706507423945283tmp surefire_011601711544668353186tmp"/>
    <property name="jdk.debug" value="release"/>
    <property name="surefire.test.class.path" value="/home/aniruddha/projects/java-backend-8ca2f82bab51490889e5523953997a7c/week-1/day-2/java-simple-app/target/test-classes:/home/aniruddha/projects/java-backend-8ca2f82bab51490889e5523953997a7c/week-1/day-2/java-simple-app/target/classes:/home/aniruddha/.m2/repository/org/junit/jupiter/junit-jupiter-engine/5.8.2/junit-jupiter-engine-5.8.2.jar:/home/aniruddha/.m2/repository/org/junit/platform/junit-platform-engine/1.8.2/junit-platform-engine-1.8.2.jar:/home/aniruddha/.m2/repository/org/opentest4j/opentest4j/1.2.0/opentest4j-1.2.0.jar:/home/aniruddha/.m2/repository/org/junit/platform/junit-platform-commons/1.8.2/junit-platform-commons-1.8.2.jar:/home/aniruddha/.m2/repository/org/junit/jupiter/junit-jupiter-api/5.8.2/junit-jupiter-api-5.8.2.jar:/home/aniruddha/.m2/repository/org/apiguardian/apiguardian-api/1.1.2/apiguardian-api-1.1.2.jar:"/>
    <property name="sun.cpu.endian" value="little"/>
    <property name="user.home" value="/home/aniruddha"/>
    <property name="user.language" value="en"/>
    <property name="java.specification.vendor" value="Oracle Corporation"/>
    <property name="java.version.date" value="2021-07-20"/>
    <property name="java.home" value="/home/aniruddha/softwares/java/ideaIC-2020.3.1/idea-IC-203.6682.168/jbr"/>
    <property name="file.separator" value="/"/>
    <property name="basedir" value="/home/aniruddha/projects/java-backend-8ca2f82bab51490889e5523953997a7c/week-1/day-2/java-simple-app"/>
    <property name="java.vm.compressedOopsMode" value="Zero based"/>
    <property name="line.separator" value="&#10;"/>
    <property name="java.specification.name" value="Java Platform API Specification"/>
    <property name="java.vm.specification.vendor" value="Oracle Corporation"/>
    <property name="java.awt.graphicsenv" value="sun.awt.X11GraphicsEnvironment"/>
    <property name="surefire.real.class.path" value="/home/aniruddha/projects/java-backend-8ca2f82bab51490889e5523953997a7c/week-1/day-2/java-simple-app/target/surefire/surefirebooter14985375985269654791.jar"/>
    <property name="sun.management.compiler" value="HotSpot 64-Bit Tiered Compilers"/>
    <property name="java.runtime.version" value="11.0.12+7-b1504.28"/>
    <property name="user.name" value="aniruddha"/>
    <property name="path.separator" value=":"/>
    <property name="os.version" value="5.11.0-43-generic"/>
    <property name="java.runtime.name" value="OpenJDK Runtime Environment"/>
    <property name="file.encoding" value="UTF-8"/>
    <property name="java.vm.name" value="OpenJDK 64-Bit Server VM"/>
    <property name="java.vendor.version" value="JBR-11.0.12.7-1504.28-jcef"/>
    <property name="localRepository" value="/home/aniruddha/.m2/repository"/>
    <property name="java.vendor.url.bug" value="https://bugreport.java.com/bugreport/"/>
    <property name="java.io.tmpdir" value="/tmp"/>
    <property name="idea.version" value="2021.2.2"/>
    <property name="java.version" value="11.0.12"/>
    <property name="user.dir" value="/home/aniruddha/projects/java-backend-8ca2f82bab51490889e5523953997a7c/week-1/day-2/java-simple-app"/>
    <property name="os.arch" value="amd64"/>
    <property name="java.vm.specification.name" value="Java Virtual Machine Specification"/>
    <property name="java.awt.printerjob" value="sun.print.PSPrinterJob"/>
    <property name="sun.os.patch.level" value="unknown"/>
    <property name="java.library.path" value="/usr/java/packages/lib:/usr/lib64:/lib64:/lib:/usr/lib"/>
    <property name="java.vm.info" value="mixed mode"/>
    <property name="java.vendor" value="JetBrains s.r.o."/>
    <property name="java.vm.version" value="11.0.12+7-b1504.28"/>
    <property name="sun.io.unicode.encoding" value="UnicodeLittle"/>
    <property name="java.class.version" value="55.0"/>
  </properties>
  <testcase name="learnTheVariablesValidCase" classname="VariableTests" time="0.038"/>
  <testcase name="learVariablesInvalidCase" classname="VariableTests" time="0.005"/>
</testsuite>